\BOOKMARK [1][-]{section.1}{\376\377\000C\000a\000d\000e\000n\000a\000s\000\040\000d\000e\000\040\000M\000a\000r\000k\000o\000v\000\040\000a\000\040\000t\000i\000e\000m\000p\000o\000\040\000c\000o\000n\000t\000i\000n\000u\000o\000:\000\040\000g\000e\000n\000e\000r\000a\000d\000o\000r\000,\000\040\000c\000o\000n\000s\000t\000r\000u\000c\000c\000i\000\363\000n\000\040\000y\000\040\000e\000r\000g\000o\000d\000i\000c\000i\000d\000a\000d}{}% 1
\BOOKMARK [2][-]{subsection.1.1}{\376\377\000G\000e\000n\000e\000r\000a\000d\000o\000r\000\040\000i\000n\000f\000i\000n\000i\000t\000e\000s\000i\000m\000a\000l}{section.1}% 2
\BOOKMARK [2][-]{subsection.1.2}{\376\377\000T\000i\000e\000m\000p\000o\000s\000\040\000d\000e\000\040\000p\000e\000r\000m\000a\000n\000e\000n\000c\000i\000a}{section.1}% 3
\BOOKMARK [2][-]{subsection.1.3}{\376\377\000S\000i\000s\000t\000e\000m\000a\000\040\000d\000e\000\040\000i\000n\000v\000e\000n\000t\000a\000r\000i\000o}{section.1}% 4
\BOOKMARK [2][-]{subsection.1.4}{\376\377\000D\000i\000s\000t\000r\000i\000b\000u\000c\000i\000\363\000n\000\040\000I\000n\000v\000a\000r\000i\000a\000n\000t\000e\000\040\000e\000n\000\040\000e\000s\000p\000a\000c\000i\000o\000\040\000f\000i\000n\000i\000t\000o}{section.1}% 5
\BOOKMARK [2][-]{subsection.1.5}{\376\377\000R\000e\000v\000e\000r\000s\000i\000b\000i\000l\000i\000d\000a\000d}{section.1}% 6
\BOOKMARK [2][-]{subsection.1.6}{\376\377\000T\000e\000o\000r\000e\000m\000a\000\040\000e\000r\000g\000\363\000d\000i\000c\000o\000\040\000p\000a\000r\000a\000\040\000c\000a\000d\000e\000n\000a\000s\000\040\000a\000\040\000t\000i\000e\000m\000p\000o\000\040\000c\000o\000n\000t\000i\000n\000u\000o}{section.1}% 7
\BOOKMARK [2][-]{subsection.1.7}{\376\377\000C\000a\000m\000i\000n\000a\000t\000a\000\040\000a\000l\000e\000a\000t\000o\000r\000i\000a\000\040\000c\000o\000n\000t\000i\000n\000u\000a}{section.1}% 8
\BOOKMARK [2][-]{subsection.1.8}{\376\377\000M\000\341\000q\000u\000i\000n\000a\000\040\000c\000o\000n\000\040\000m\000o\000d\000o\000s\000\040\000d\000e\000\040\000o\000p\000e\000r\000a\000c\000i\000\363\000n}{section.1}% 9
\BOOKMARK [2][-]{subsection.1.9}{\376\377\000C\000a\000d\000e\000n\000a\000\040\000n\000a\000c\000i\000m\000i\000e\000n\000t\000o\000-\000m\000u\000e\000r\000t\000e\000\040\000g\000e\000n\000e\000r\000a\000l}{section.1}% 10
\BOOKMARK [2][-]{subsection.1.10}{\376\377\000M\000a\000n\000t\000e\000n\000i\000m\000i\000e\000n\000t\000o\000\040\000p\000r\000e\000v\000e\000n\000t\000i\000v\000o\000\040\000c\000o\000n\000\040\000d\000o\000s\000\040\000m\000\341\000q\000u\000i\000n\000a\000s}{section.1}% 11
\BOOKMARK [2][-]{subsection.1.11}{\376\377\000S\000i\000m\000u\000l\000a\000c\000i\000\363\000n\000\040\000e\000n\000\040\000P\000y\000t\000h\000o\000n}{section.1}% 12
\BOOKMARK [1][-]{section.2}{\376\377\000P\000r\000o\000c\000e\000s\000o\000\040\000d\000e\000\040\000P\000o\000i\000s\000s\000o\000n\000\040\000y\000\040\000s\000u\000s\000\040\000e\000x\000t\000e\000n\000s\000i\000o\000n\000e\000s\000\040\000e\000l\000e\000m\000e\000n\000t\000a\000l\000e\000s}{}% 13
\BOOKMARK [2][-]{subsection.2.1}{\376\377\000P\000r\000o\000c\000e\000s\000o\000\040\000d\000e\000\040\000P\000o\000i\000s\000s\000o\000n}{section.2}% 14
\BOOKMARK [2][-]{subsection.2.2}{\376\377\000T\000i\000e\000m\000p\000o\000s\000\040\000e\000n\000t\000r\000e\000\040\000s\000a\000l\000t\000o\000s}{section.2}% 15
\BOOKMARK [2][-]{subsection.2.3}{\376\377\000O\000r\000d\000e\000n\000\040\000c\000o\000n\000d\000i\000c\000i\000o\000n\000a\000d\000o\000s}{section.2}% 16
\BOOKMARK [2][-]{subsection.2.4}{\376\377\000A\000d\000e\000l\000g\000a\000z\000a\000m\000i\000e\000n\000t\000o\000\040\000d\000e\000\040\000P\000o\000i\000s\000s\000o\000n}{section.2}% 17
\BOOKMARK [2][-]{subsection.2.5}{\376\377\000S\000u\000p\000e\000r\000p\000o\000s\000i\000c\000i\000\363\000n\000\040\000d\000e\000\040\000P\000o\000i\000s\000s\000o\000n}{section.2}% 18
\BOOKMARK [2][-]{subsection.2.6}{\376\377\000P\000r\000o\000c\000e\000s\000o\000\040\000d\000e\000\040\000P\000o\000i\000s\000s\000o\000n\000\040\000C\000o\000m\000p\000u\000e\000s\000t\000o}{section.2}% 19
\BOOKMARK [2][-]{subsection.2.7}{\376\377\000P\000r\000o\000c\000e\000s\000o\000\040\000d\000e\000\040\000P\000o\000i\000s\000s\000o\000n\000\040\000C\000T\000M\000C}{section.2}% 20
\BOOKMARK [2][-]{subsection.2.8}{\376\377\000M\000a\000r\000t\000i\000n\000g\000a\000l\000a}{section.2}% 21
\BOOKMARK [2][-]{subsection.2.9}{\376\377\000m\000a\000r\000k\000o\000v\000i\000a\000n\000a\000\040\000d\000e\000l\000\040\000p\000r\000o\000c\000e\000s\000o\000\040\000d\000e\000\040\000P\000o\000i\000s\000s\000o\000n}{section.2}% 22
\BOOKMARK [2][-]{subsection.2.10}{\376\377\000L\000l\000a\000m\000a\000d\000a\000s\000\040\000c\000l\000a\000s\000i\000f\000i\000c\000a\000d\000a\000s}{section.2}% 23
\BOOKMARK [2][-]{subsection.2.11}{\376\377\000S\000i\000m\000u\000l\000a\000c\000i\000\363\000n\000\040\000e\000n\000\040\000P\000y\000t\000h\000o\000n}{section.2}% 24
\BOOKMARK [1][-]{section.3}{\376\377\000M\000o\000d\000e\000l\000o\000s\000\040\000d\000e\000\040\000c\000o\000l\000a\000s\000\040\000M\000/\000M\000/\000k\000\040\000y\000\040\000M\000/\000M\000/}{}% 25
\BOOKMARK [2][-]{subsection.3.1}{\376\377\000D\000i\000s\000t\000r\000i\000b\000u\000c\000i\000\363\000n\000\040\000e\000s\000t\000a\000c\000i\000o\000n\000a\000r\000i\000a}{section.3}% 26
\BOOKMARK [2][-]{subsection.3.2}{\376\377\000D\000i\000m\000e\000n\000s\000i\000o\000n\000a\000m\000i\000e\000n\000t\000o}{section.3}% 27
\BOOKMARK [2][-]{subsection.3.3}{\376\377\000S\000i\000s\000t\000e\000m\000a\000\040\000d\000e\000\040\000p\000\351\000r\000d\000i\000d\000a\000s}{section.3}% 28
\BOOKMARK [2][-]{subsection.3.4}{\376\377\000C\000o\000l\000a\000\040\000y\000\040\000d\000i\000s\000t\000r\000i\000b\000u\000c\000i\000\363\000n\000\040\000d\000e\000\040\000P\000o\000i\000s\000s\000o\000n\000\040}{section.3}% 29
\BOOKMARK [2][-]{subsection.3.5}{\376\377\000s\000e\000r\000v\000i\000d\000o\000r\000e\000s\000\040\000e\000n\000\040\000l\000a\000\040\000n\000u\000b\000e}{section.3}% 30
\BOOKMARK [2][-]{subsection.3.6}{\376\377\000s\000e\000r\000v\000i\000d\000o\000r\000e\000s\000\040\000e\000n\000\040\000l\000a\000\040\000n\000u\000b\000e}{section.3}% 31
\BOOKMARK [2][-]{subsection.3.7}{\376\377\000C\000o\000n\000d\000i\000c\000i\000\363\000n\000\040\000d\000e\000\040\000F\000o\000s\000t\000e\000r\000-\000L\000y\000a\000p\000u\000n\000o\000v}{section.3}% 32
\BOOKMARK [2][-]{subsection.3.8}{\376\377\000C\000o\000n\000s\000e\000r\000v\000a\000c\000i\000\363\000n\000\040\000d\000e\000\040\000f\000l\000u\000j\000o}{section.3}% 33
\BOOKMARK [2][-]{subsection.3.9}{\376\377\000D\000i\000m\000e\000n\000s\000i\000o\000n\000a\000m\000i\000e\000n\000t\000o\000\040\000d\000e\000\040\000G\000r\000u\000p\000o\000\040\000d\000e\000\040\000S\000o\000p\000o\000r\000t\000e}{section.3}% 34
\BOOKMARK [2][-]{subsection.3.10}{\376\377\000S\000i\000m\000u\000l\000a\000c\000i\000\363\000n\000\040\000e\000n\000\040\000P\000y\000t\000h\000o\000n}{section.3}% 35
\BOOKMARK [1][-]{section.4}{\376\377\000O\000p\000t\000i\000m\000a\000l\000\040\000s\000t\000o\000p\000p\000i\000n\000g\000\040\000p\000a\000r\000a\000\040\000c\000a\000d\000e\000n\000a\000s\000\040\000d\000e\000\040\000M\000a\000r\000k\000o\000v}{}% 36
\BOOKMARK [2][-]{subsection.4.1}{\376\377\000R\000e\000c\000u\000r\000s\000i\000\363\000n\000\040\000d\000e\000\040\000B\000e\000l\000l\000m\000a\000n}{section.4}% 37
\BOOKMARK [2][-]{subsection.4.2}{\376\377\000R\000e\000g\000i\000\363\000n\000\040\000d\000e\000\040\000p\000a\000r\000o\000\040\000S\000n\000e\000l\000l}{section.4}% 38
\BOOKMARK [2][-]{subsection.4.3}{\376\377\000s\000t\000o\000p\000p\000i\000n\000g\000\040\000c\000o\000n\000\040\000d\000e\000s\000c\000u\000e\000n\000t\000o}{section.4}% 39
\BOOKMARK [2][-]{subsection.4.4}{\376\377\000D\000e\000t\000e\000c\000c\000i\000\363\000n\000\040\000d\000e\000\040\000a\000l\000a\000r\000m\000a\000\040\000D\000i\000r\000i\000c\000h\000l\000e\000t}{section.4}% 40
\BOOKMARK [2][-]{subsection.4.5}{\376\377\000I\000d\000e\000n\000t\000i\000d\000a\000d\000\040\000d\000e\000\040\000D\000y\000n\000k\000i\000n}{section.4}% 41
\BOOKMARK [2][-]{subsection.4.6}{\376\377\000a\000r\000i\000a\000c\000i\000o\000n\000a\000l\000\040\000d\000e\000\040\000R\000e\000e\000m\000p\000l\000a\000z\000o\000\040\000H\000J\000B}{section.4}% 42
\BOOKMARK [2][-]{subsection.4.7}{\376\377\000s\000t\000o\000p\000p\000i\000n\000g\000\040\000e\000n\000\040\000C\000a\000m\000i\000n\000a\000t\000a\000\040\000A\000l\000e\000a\000t\000o\000r\000i\000a\000\040\000a\000b\000s\000o\000r\000b\000e\000n\000t\000e}{section.4}% 43
\BOOKMARK [2][-]{subsection.4.8}{\376\377\000B\000e\000l\000l\000m\000a\000n\000\040\000y\000\040\000C\000o\000n\000v\000e\000r\000g\000e\000n\000c\000i\000a}{section.4}% 44
\BOOKMARK [2][-]{subsection.4.9}{\376\377\000C\000o\000s\000t\000o\000\040\000d\000e\000\040\000e\000s\000p\000e\000r\000a}{section.4}% 45
\BOOKMARK [2][-]{subsection.4.10}{\376\377\000A\000c\000t\000i\000v\000o\000\040\000e\000n\000\040\000u\000n\000a\000\040\000r\000e\000j\000i\000l\000l\000a\000\040\000d\000i\000s\000c\000r\000e\000t\000a}{section.4}% 46
\BOOKMARK [2][-]{subsection.4.11}{\376\377\000S\000i\000m\000u\000l\000a\000c\000i\000\363\000n\000\040\000e\000n\000\040\000P\000y\000t\000h\000o\000n}{section.4}% 47
\BOOKMARK [1][-]{section.5}{\376\377\000M\000a\000r\000t\000i\000n\000g\000a\000l\000a\000s\000\040\000a\000s\000o\000c\000i\000a\000d\000a\000s\000\040\000y\000\040\000c\000a\000m\000b\000i\000o\000s\000\040\000d\000e\000\040\000m\000e\000d\000i\000d\000a}{}% 48
\BOOKMARK [2][-]{subsection.5.1}{\376\377\000M\000a\000r\000t\000i\000n\000g\000a\000l\000a\000\040\000d\000e\000l\000\040\000g\000e\000n\000e\000r\000a\000d\000o\000r\000\040\000y\000\040\000D\000y\000n\000k\000i\000n}{section.5}% 49
\BOOKMARK [2][-]{subsection.5.2}{\376\377\000V\000a\000r\000i\000a\000c\000i\000\363\000n\000\040\000c\000u\000a\000d\000r\000\341\000t\000i\000c\000a\000\040\000p\000a\000r\000a\000\040\000P\000o\000i\000s\000s\000o\000n}{section.5}% 50
\BOOKMARK [2][-]{subsection.5.3}{\376\377\000T\000r\000a\000n\000s\000f\000o\000r\000m\000a\000c\000i\000\363\000n\000-\000h\000\040\000d\000e\000\040\000D\000o\000o\000b}{section.5}% 51
\BOOKMARK [2][-]{subsection.5.4}{\376\377\000G\000i\000r\000s\000a\000n\000o\000v\000\040\000p\000a\000r\000a\000\040\000P\000o\000i\000s\000s\000o\000n}{section.5}% 52
\BOOKMARK [2][-]{subsection.5.5}{\376\377\000M\000e\000d\000i\000d\000a\000\040\000e\000n\000\040\000c\000a\000m\000i\000n\000a\000t\000a\000\040\000a\000l\000e\000a\000t\000o\000r\000i\000a\000\040\000c\000o\000n\000t\000i\000n\000u\000a}{section.5}% 53
\BOOKMARK [2][-]{subsection.5.6}{\376\377\000M\000a\000r\000t\000i\000n\000g\000a\000l\000a\000s\000\040\000p\000o\000l\000i\000n\000\363\000m\000i\000c\000a\000s}{section.5}% 54
\BOOKMARK [2][-]{subsection.5.7}{\376\377\000M\000a\000r\000t\000i\000n\000g\000a\000l\000a\000\040\000d\000e\000\040\000D\000y\000n\000k\000i\000n}{section.5}% 55
\BOOKMARK [2][-]{subsection.5.8}{\376\377\000F\000o\000s\000t\000e\000r\000-\000L\000y\000a\000p\000u\000n\000o\000v\000\040\000p\000a\000r\000a\000\040\000t\000i\000e\000m\000p\000o\000s\000\040\000d\000e\000\040\000r\000e\000t\000o\000r\000n\000o}{section.5}% 56
\BOOKMARK [2][-]{subsection.5.9}{\376\377\000T\000e\000o\000r\000e\000m\000a\000\040\000d\000e\000\040\000p\000a\000r\000o\000\040\000o\000p\000c\000i\000o\000n\000a\000l}{section.5}% 57
\BOOKMARK [2][-]{subsection.5.10}{\376\377\000M\000o\000d\000e\000l\000o\000\040\000d\000e\000\040\000r\000i\000e\000s\000g\000o\000\040\000d\000e\000\040\000C\000r\000a\000m\000\351\000r\000-\000L\000u\000n\000d\000b\000e\000r\000g}{section.5}% 58
\BOOKMARK [2][-]{subsection.5.11}{\376\377\000S\000i\000m\000u\000l\000a\000c\000i\000\363\000n\000\040\000e\000n\000\040\000P\000y\000t\000h\000o\000n}{section.5}% 59
\BOOKMARK [1][-]{section.6}{\376\377\000R\000e\000f\000e\000r\000e\000n\000c\000i\000a\000s\000\040\000b\000i\000b\000l\000i\000o\000g\000r\000\341\000f\000i\000c\000a\000s}{}% 60
